<?xml version="1.0" encoding="UTF-8"?>
<testsuite xmlns:xsi="http://www.w3.org/2001/XMLSchema-instance" xsi:noNamespaceSchemaLocation="https://maven.apache.org/surefire/maven-surefire-plugin/xsd/surefire-test-report.xsd" name="fr.rouen.mastergil.tptest.BankAccountUnitTest" time="0.026" tests="11" errors="0" skipped="0" failures="0">
  <properties>
[...]
</properties>
  <testcase name="shouldWithdrawMoneySuccessfullyWithInvalidAmountAndAnInitialAmount" classname="fr.rouen.mastergil.tptest.BankAccountUnitTest" time="0"/>
  <testcase name="shouldDepositMoneySuccessfullyWithValidAmount" classname="fr.rouen.mastergil.tptest.BankAccountUnitTest" time="0"/>
  <testcase name="shouldWithdrawMoneySuccessfullyWithNoInitialAmount" classname="fr.rouen.mastergil.tptest.BankAccountUnitTest" time="0"/>
  <testcase name="shouldWithdrawMoneySuccessfullyWithValidAmountAndAnInitialAmount" classname="fr.rouen.mastergil.tptest.BankAccountUnitTest" time="0"/>
  <testcase name="shouldCreateABankAccountWithValidValuesSuccessfully" classname="fr.rouen.mastergil.tptest.BankAccountUnitTest" time="0.001"/>
  <testcase name="shouldDisplayPayWithNoAmountAndDefaultDeviseSucessfully" classname="fr.rouen.mastergil.tptest.BankAccountUnitTest" time="0.009"/>
  <testcase name="shouldDepositMoneySuccessfullyWithValidAmountAndAnInitialAmount" classname="fr.rouen.mastergil.tptest.BankAccountUnitTest" time="0.001"/>
  <testcase name="shouldNotBePositivePay" classname="fr.rouen.mastergil.tptest.BankAccountUnitTest" time="0.002"/>
  <testcase name="shouldBePositivePay" classname="fr.rouen.mastergil.tptest.BankAccountUnitTest" time="0.002"/>
  <testcase name="shouldDisplayPayWithAValidAmountAndDeviseSuccessfully" classname="fr.rouen.mastergil.tptest.BankAccountUnitTest" time="0.001"/>
  <testcase name="shouldCreateABankAccountWithNoValuesSuccessfully" classname="fr.rouen.mastergil.tptest.BankAccountUnitTest" time="0.001"/>
</testsuite>